Your global Angular CLI version (8.3.21) is greater than your local
version (7.3.10). The local Angular CLI version is used.

To disable this warning use "ng config -g cli.warnings.versionMismatch false".
WARNING: This is a simple server for use in testing or debugging Angular applications
locally. It hasn't been reviewed for security issues.

Binding this server to an open connection can result in compromising your application or
computer. Using a different host than the one passed to the "--host" flag might result in
websocket connection issues. You might need to use "--disableHostCheck" if that's the
case.
WARNING: Running a server with --disable-host-check is a security risk. See https://medium.com/webpack/webpack-dev-server-middleware-security-issues-1489d950874a for more information.
** Angular Live Development Server is listening on 0.0.0.0:4200, open your browser on http://localhost:4200/ **

Date: 2020-05-25T13:27:44.953Z
Hash: 742f4512f5446a986aad
Time: 11939ms
chunk {es2015-polyfills} es2015-polyfills.js, es2015-polyfills.js.map (es2015-polyfills) 285 kB [initial] [rendered]
chunk {main} main.js, main.js.map (main) 94.5 kB [initial] [rendered]
chunk {polyfills} polyfills.js, polyfills.js.map (polyfills) 236 kB [initial] [rendered]
chunk {runtime} runtime.js, runtime.js.map (runtime) 6.08 kB [entry] [rendered]
chunk {styles} styles.js, styles.js.map (styles) 831 kB [initial] [rendered]
chunk {vendor} vendor.js, vendor.js.map (vendor) 4.13 MB [initial] [rendered]
[34mℹ[39m [90m｢wdm｣[39m: Compiled successfully.
Your global Angular CLI version (8.3.21) is greater than your local
version (7.3.10). The local Angular CLI version is used.

To disable this warning use "ng config -g cli.warnings.versionMismatch false".
WARNING: This is a simple server for use in testing or debugging Angular applications
locally. It hasn't been reviewed for security issues.

Binding this server to an open connection can result in compromising your application or
computer. Using a different host than the one passed to the "--host" flag might result in
websocket connection issues. You might need to use "--disableHostCheck" if that's the
case.
WARNING: Running a server with --disable-host-check is a security risk. See https://medium.com/webpack/webpack-dev-server-middleware-security-issues-1489d950874a for more information.
** Angular Live Development Server is listening on 0.0.0.0:4200, open your browser on http://localhost:4200/ **

Date: 2020-05-27T11:21:22.297Z
Hash: 742f4512f5446a986aad
Time: 116718ms
chunk {es2015-polyfills} es2015-polyfills.js, es2015-polyfills.js.map (es2015-polyfills) 285 kB [initial] [rendered]
chunk {main} main.js, main.js.map (main) 94.5 kB [initial] [rendered]
chunk {polyfills} polyfills.js, polyfills.js.map (polyfills) 236 kB [initial] [rendered]
chunk {runtime} runtime.js, runtime.js.map (runtime) 6.08 kB [entry] [rendered]
chunk {styles} styles.js, styles.js.map (styles) 831 kB [initial] [rendered]
chunk {vendor} vendor.js, vendor.js.map (vendor) 4.13 MB [initial] [rendered]
[34mℹ[39m [90m｢wdm｣[39m: Compiled successfully.
Your global Angular CLI version (8.3.21) is greater than your local
version (7.3.10). The local Angular CLI version is used.

To disable this warning use "ng config -g cli.warnings.versionMismatch false".
WARNING: This is a simple server for use in testing or debugging Angular applications
locally. It hasn't been reviewed for security issues.

Binding this server to an open connection can result in compromising your application or
computer. Using a different host than the one passed to the "--host" flag might result in
websocket connection issues. You might need to use "--disableHostCheck" if that's the
case.
WARNING: Running a server with --disable-host-check is a security risk. See https://medium.com/webpack/webpack-dev-server-middleware-security-issues-1489d950874a for more information.
** Angular Live Development Server is listening on 0.0.0.0:4200, open your browser on http://localhost:4200/ **

Date: 2020-06-01T05:30:04.402Z
Hash: 742f4512f5446a986aad
Time: 13998ms
chunk {es2015-polyfills} es2015-polyfills.js, es2015-polyfills.js.map (es2015-polyfills) 285 kB [initial] [rendered]
chunk {main} main.js, main.js.map (main) 94.5 kB [initial] [rendered]
chunk {polyfills} polyfills.js, polyfills.js.map (polyfills) 236 kB [initial] [rendered]
chunk {runtime} runtime.js, runtime.js.map (runtime) 6.08 kB [entry] [rendered]
chunk {styles} styles.js, styles.js.map (styles) 831 kB [initial] [rendered]
chunk {vendor} vendor.js, vendor.js.map (vendor) 4.13 MB [initial] [rendered]
[34mℹ[39m [90m｢wdm｣[39m: Compiled successfully.
